start BOF procedures EOF
BOF BOF
procedures procedure procedures
procedure INT ID LPAREN params RPAREN LBRACE dcls statements RETURN expr SEMI RBRACE
INT int
ID f
LPAREN (
params paramlist
paramlist dcl COMMA paramlist
dcl type ID
type INT STAR
INT int
STAR *
ID c
COMMA ,
paramlist dcl
dcl type ID
type INT
INT int
ID d
RPAREN )
LBRACE {
dcls .EMPTY
statements .EMPTY
RETURN return
expr term
term factor
factor ID
ID c
SEMI ;
RBRACE }
procedures main
main INT WAIN LPAREN dcl COMMA dcl RPAREN LBRACE dcls statements RETURN expr SEMI RBRACE
INT int
WAIN wain
LPAREN (
dcl type ID
type INT
INT int
ID a
COMMA ,
dcl type ID
type INT
INT int
ID b
RPAREN )
LBRACE {
dcls dcls dcl BECOMES NUM SEMI
dcls .EMPTY
dcl type ID
type INT
INT int
ID c
BECOMES =
NUM 1
SEMI ;
statements .EMPTY
RETURN return
expr term
term factor
factor ID
ID c
SEMI ;
RBRACE }
EOF EOF
